0 info it worked if it ends with ok
1 verbose cli [ '/usr/bin/node', '/usr/bin/npm', 'run', 'flow' ]
2 info using npm@3.5.2
3 info using node@v8.10.0
4 verbose run-script [ 'preflow', 'flow', 'postflow' ]
5 info lifecycle mern-contact-keeper@1.0.0~preflow: mern-contact-keeper@1.0.0
6 silly lifecycle mern-contact-keeper@1.0.0~preflow: no script for preflow, continuing
7 info lifecycle mern-contact-keeper@1.0.0~flow: mern-contact-keeper@1.0.0
8 verbose lifecycle mern-contact-keeper@1.0.0~flow: unsafe-perm in lifecycle true
9 verbose lifecycle mern-contact-keeper@1.0.0~flow: PATH: /usr/share/npm/bin/node-gyp-bin:/home/sean/node_projects/mern-contact-keeper/node_modules/.bin:/home/linuxbrew/.linuxbrew/bin:/home/linuxbrew/.linuxbrew/sbin:/usr/local/sbin:/usr/local/bin:/usr/sbin:/usr/bin:/sbin:/bin:/usr/games:/usr/local/games:/snap/bin:/usr/share/rvm/bin
10 verbose lifecycle mern-contact-keeper@1.0.0~flow: CWD: /home/sean/node_projects/mern-contact-keeper
11 silly lifecycle mern-contact-keeper@1.0.0~flow: Args: [ '-c', 'flow' ]
12 silly lifecycle mern-contact-keeper@1.0.0~flow: Returned: code: 2  signal: null
13 info lifecycle mern-contact-keeper@1.0.0~flow: Failed to exec flow script
14 verbose stack Error: mern-contact-keeper@1.0.0 flow: `flow`
14 verbose stack Exit status 2
14 verbose stack     at EventEmitter.<anonymous> (/usr/share/npm/lib/utils/lifecycle.js:232:16)
14 verbose stack     at emitTwo (events.js:126:13)
14 verbose stack     at EventEmitter.emit (events.js:214:7)
14 verbose stack     at ChildProcess.<anonymous> (/usr/share/npm/lib/utils/spawn.js:24:14)
14 verbose stack     at emitTwo (events.js:126:13)
14 verbose stack     at ChildProcess.emit (events.js:214:7)
14 verbose stack     at maybeClose (internal/child_process.js:925:16)
14 verbose stack     at Process.ChildProcess._handle.onexit (internal/child_process.js:209:5)
15 verbose pkgid mern-contact-keeper@1.0.0
16 verbose cwd /home/sean/node_projects/mern-contact-keeper
17 error Linux 5.0.0-29-generic
18 error argv "/usr/bin/node" "/usr/bin/npm" "run" "flow"
19 error node v8.10.0
20 error npm  v3.5.2
21 error code ELIFECYCLE
22 error mern-contact-keeper@1.0.0 flow: `flow`
22 error Exit status 2
23 error Failed at the mern-contact-keeper@1.0.0 flow script 'flow'.
23 error Make sure you have the latest version of node.js and npm installed.
23 error If you do, this is most likely a problem with the mern-contact-keeper package,
23 error not with npm itself.
23 error Tell the author that this fails on your system:
23 error     flow
23 error You can get information on how to open an issue for this project with:
23 error     npm bugs mern-contact-keeper
23 error Or if that isn't available, you can get their info via:
23 error     npm owner ls mern-contact-keeper
23 error There is likely additional logging output above.
24 verbose exit [ 1, true ]
